0 info it worked if it ends with ok
1 verbose cli [ 'C:\\Users\\Admine\\AppData\\Local\\.meteor\\packages\\meteor-tool\\1.3.4_1\\mt-os.windows.x86_32\\dev_bundle\\bin\\\\node.exe',
1 verbose cli   'C:\\Users\\Admine\\AppData\\Local\\.meteor\\packages\\meteor-tool\\1.3.4_1\\mt-os.windows.x86_32\\dev_bundle\\lib\\node_modules\\npm\\bin\\npm-cli.js',
1 verbose cli   'install',
1 verbose cli   '--save',
1 verbose cli   '@angular2-meteor-auto-bootstrap' ]
2 info using npm@3.9.6
3 info using node@v0.10.45
4 silly loadCurrentTree Starting
5 silly install loadCurrentTree
6 silly install readLocalPackageData
7 silly fetchPackageMetaData @angular2-meteor-auto-bootstrap
8 silly fetchOtherPackageData @angular2-meteor-auto-bootstrap
9 silly cache add args [ '@angular2-meteor-auto-bootstrap', null ]
10 verbose cache add spec @angular2-meteor-auto-bootstrap
11 silly cache add parsed spec { raw: '@angular2-meteor-auto-bootstrap',
11 silly cache add   scope: null,
11 silly cache add   name: null,
11 silly cache add   rawSpec: '@angular2-meteor-auto-bootstrap',
11 silly cache add   spec: 'C:\\Users\\Admine\\meteor_angular2.0_app\\@angular2-meteor-auto-bootstrap',
11 silly cache add   type: 'local' }
12 error addLocal Could not install C:\Users\Admine\meteor_angular2.0_app\@angular2-meteor-auto-bootstrap
13 silly fetchPackageMetaData Error: ENOENT, open 'C:\Users\Admine\meteor_angular2.0_app\@angular2-meteor-auto-bootstrap'
13 silly fetchPackageMetaData  error for @angular2-meteor-auto-bootstrap { [Error: ENOENT, open 'C:\Users\Admine\meteor_angular2.0_app\@angular2-meteor-auto-bootstrap']
13 silly fetchPackageMetaData   errno: 34,
13 silly fetchPackageMetaData   code: 'ENOENT',
13 silly fetchPackageMetaData   path: 'C:\\Users\\Admine\\meteor_angular2.0_app\\@angular2-meteor-auto-bootstrap' }
14 silly rollbackFailedOptional Starting
15 silly rollbackFailedOptional Finishing
16 silly runTopLevelLifecycles Starting
17 silly runTopLevelLifecycles Finishing
18 silly install printInstalled
19 verbose stack Error: ENOENT, open 'C:\Users\Admine\meteor_angular2.0_app\@angular2-meteor-auto-bootstrap'
20 verbose cwd C:\Users\Admine\meteor_angular2.0_app
21 error Windows_NT 6.3.9600
22 error argv "C:\\Users\\Admine\\AppData\\Local\\.meteor\\packages\\meteor-tool\\1.3.4_1\\mt-os.windows.x86_32\\dev_bundle\\bin\\\\node.exe" "C:\\Users\\Admine\\AppData\\Local\\.meteor\\packages\\meteor-tool\\1.3.4_1\\mt-os.windows.x86_32\\dev_bundle\\lib\\node_modules\\npm\\bin\\npm-cli.js" "install" "--save" "@angular2-meteor-auto-bootstrap"
23 error node v0.10.45
24 error npm  v3.9.6
25 error path C:\Users\Admine\meteor_angular2.0_app\@angular2-meteor-auto-bootstrap
26 error code ENOENT
27 error errno 34
28 error enoent ENOENT, open 'C:\Users\Admine\meteor_angular2.0_app\@angular2-meteor-auto-bootstrap'
29 error enoent ENOENT, open 'C:\Users\Admine\meteor_angular2.0_app\@angular2-meteor-auto-bootstrap'
29 error enoent This is most likely not a problem with npm itself
29 error enoent and is related to npm not being able to find a file.
30 verbose exit [ 34, true ]
